<?xml version="1.0" encoding="UTF-8"?>
<!-- Generated by org.testng.reporters.JUnitReportReporter -->
<testsuite skipped="0" hostname="Abhijeets-MacBook-Pro.local" name="com.clubmahindra.test.TripAdvisiorTest" tests="1" failures="0" timestamp="21 Aug 2020 16:59:42 GMT" time="11.911" errors="0">
  <testcase name="hotelReivewTest" time="11.911" classname="com.clubmahindra.test.TripAdvisiorTest"/>
</testsuite> <!-- com.clubmahindra.test.TripAdvisiorTest -->
