<?xml version="1.0" encoding="UTF-8"?>
<!-- Generated by org.testng.reporters.JUnitReportReporter -->
<testsuite skipped="0" hostname="Abhijeets-MacBook-Pro.local" name="com.amazon.test.ProductPageTest" tests="1" failures="0" timestamp="21 Aug 2020 10:52:03 GMT" time="14.948" errors="0">
  <testcase name="productComparisionTest" time="14.948" classname="com.amazon.test.ProductPageTest"/>
</testsuite> <!-- com.amazon.test.ProductPageTest -->
