<?xml version="1.0" encoding="UTF-8"?>
<!-- Generated by org.testng.reporters.JUnitReportReporter -->
<testsuite skipped="0" hostname="Abhijeets-MacBook-Pro.local" name="com.facebook.test.LoginPageTest" tests="1" failures="0" timestamp="21 Aug 2020 16:59:42 GMT" time="8.407" errors="0">
  <testcase name="loginTest" time="8.407" classname="com.facebook.test.LoginPageTest"/>
</testsuite> <!-- com.facebook.test.LoginPageTest -->
