<?xml version="1.0" encoding="UTF-8"?>
<!-- Generated by org.testng.reporters.JUnitReportReporter -->
<testsuite skipped="0" hostname="Abhijeets-MacBook-Pro.local" name="com.amazon.test.ProductPageTest" tests="1" failures="0" timestamp="20 Aug 2020 13:25:43 GMT" time="0.007" errors="0">
  <testcase name="test1" time="0.007" classname="com.amazon.test.ProductPageTest"/>
</testsuite> <!-- com.amazon.test.ProductPageTest -->
